<?xml version="1.0" encoding="UTF-8"?>
<!-- Generated by org.testng.reporters.JUnitReportReporter -->
<testsuite ignored="0" hostname="nishantht-w10" failures="0" tests="1" name="FrameworkScratch.EndtoEnd.validateTitle" time="5.667" errors="0" timestamp="17 Nov 2021 08:21:33 GMT" skipped="0">
  <testcase classname="FrameworkScratch.EndtoEnd.validateTitle" name="basepagenavigation" time="5.667"/>
</testsuite> <!-- FrameworkScratch.EndtoEnd.validateTitle -->
