<?xml version="1.0" encoding="UTF-8"?>
<!-- Generated by org.testng.reporters.JUnitReportReporter -->
<testsuite ignored="0" hostname="nishantht-w10" failures="0" tests="1" name="pageObjects.validateTitle" time="6.090" errors="0" timestamp="18 Nov 2021 08:25:49 GMT" skipped="0">
  <testcase classname="pageObjects.validateTitle" name="basepagenavigation" time="6.090"/>
</testsuite> <!-- pageObjects.validateTitle -->
