<?xml version="1.0" encoding="UTF-8"?>
<!-- Generated by org.testng.reporters.JUnitReportReporter -->
<testsuite ignored="0" hostname="nishantht-w10" failures="0" tests="2" name="FrameworkScratch.EndtoEnd.Homepage" time="10.275" errors="0" timestamp="18 Nov 2021 11:54:21 GMT" skipped="0">
  <testcase classname="FrameworkScratch.EndtoEnd.Homepage" name="basepagenavigation" time="8.491"/>
  <testcase classname="FrameworkScratch.EndtoEnd.Homepage" name="basepagenavigation" time="1.784"/>
</testsuite> <!-- FrameworkScratch.EndtoEnd.Homepage -->
