<?xml version="1.0" encoding="UTF-8"?>
<!-- Generated by org.testng.reporters.JUnitReportReporter -->
<testsuite ignored="0" hostname="nishantht-w10" failures="0" tests="4" name="AutomationMaven.Maven.hospitalTest" time="0.020" errors="0" timestamp="26 Oct 2021 16:06:53 GMT" skipped="0">
  <testcase classname="AutomationMaven.Maven.hospitalTest" name="outPatient" time="0.005"/>
  <testcase classname="AutomationMaven.Maven.hospitalTest" name="Cafeteria" time="0.010"/>
  <testcase classname="AutomationMaven.Maven.hospitalTest" name="ICU" time="0.002"/>
  <testcase classname="AutomationMaven.Maven.hospitalTest" name="pharmacy" time="0.003"/>
</testsuite> <!-- AutomationMaven.Maven.hospitalTest -->
