<?xml version="1.0" encoding="UTF-8"?>
<!-- Generated by org.testng.reporters.JUnitReportReporter -->
<testsuite ignored="10" hostname="nishantht-w10" failures="0" tests="1" name="unitFramework.annotationDemo" time="0.001" errors="0" timestamp="25 Oct 2021 11:27:56 GMT" skipped="0">
  <testcase classname="unitFramework.annotationDemo" name="Shoppingshoes" time="0.001"/>
  <testcase classname="unitFramework.annotationDemo" name="ShoppingWatch">
    <skipped/>
  </testcase> <!-- ShoppingWatch -->
  <testcase classname="unitFramework.annotationDemo" name="Shopping">
    <skipped/>
  </testcase> <!-- Shopping -->
  <testcase classname="unitFramework.annotationDemo" name="ShoppingTracks">
    <skipped/>
  </testcase> <!-- ShoppingTracks -->
  <testcase classname="unitFramework.annotationDemo" name="ShoppingShirts">
    <skipped/>
  </testcase> <!-- ShoppingShirts -->
  <testcase classname="unitFramework.vehicle" name="vehicleInsurance">
    <skipped/>
  </testcase> <!-- vehicleInsurance -->
  <testcase classname="unitFramework.vehicle" name="vehiclespeedometer">
    <skipped/>
  </testcase> <!-- vehiclespeedometer -->
  <testcase classname="unitFramework.vehicle" name="vehicleAccelerate">
    <skipped/>
  </testcase> <!-- vehicleAccelerate -->
  <testcase classname="unitFramework.vehicle" name="Login">
    <skipped/>
  </testcase> <!-- Login -->
  <testcase classname="unitFramework.executionDemo" name="CarMobileLoan">
    <skipped/>
  </testcase> <!-- CarMobileLoan -->
  <testcase classname="unitFramework.homeLoan" name="WebHomeLoan">
    <skipped/>
  </testcase> <!-- WebHomeLoan -->
</testsuite> <!-- unitFramework.annotationDemo -->
