<?xml version="1.0" encoding="UTF-8"?>
<!-- Generated by org.testng.reporters.JUnitReportReporter -->
<testsuite ignored="0" hostname="nishantht-w10" failures="0" tests="1" name="Reports.ExtentReport.reportDemo" time="15.909" errors="0" timestamp="17 Nov 2021 08:34:27 GMT" skipped="0">
  <testcase classname="Reports.ExtentReport.reportDemo" name="intializeDemo" time="15.909"/>
</testsuite> <!-- Reports.ExtentReport.reportDemo -->
