<?xml version="1.0" encoding="UTF-8"?>
<!-- Generated by org.testng.reporters.JUnitReportReporter -->
<testsuite ignored="0" hostname="nishantht-w10" failures="0" tests="1" name="testcases.loginApplication" time="34.857" errors="0" timestamp="29 Oct 2021 10:46:49 GMT" skipped="0">
  <testcase classname="testcases.loginApplication" name="login" time="34.857"/>
</testsuite> <!-- testcases.loginApplication -->
